<?xml version="1.0" encoding="UTF-8"?>
<testsuite name="com.springjunit.demo.EmployeeControllerTest" tests="1" skipped="0" failures="0" errors="0" timestamp="2022-02-17T03:46:53" hostname="hieuptit" time="1587.411">
  <properties/>
  <testcase name="whenValidName_thenEmployeeShouldBeFound()" classname="com.springjunit.demo.EmployeeControllerTest" time="1587.411"/>
  <system-out><![CDATA[10:46:41.228 [Test worker] DEBUG org.springframework.test.context.BootstrapUtils - Instantiating CacheAwareContextLoaderDelegate from class [org.springframework.test.context.cache.DefaultCacheAwareContextLoaderDelegate]
10:46:41.253 [Test worker] DEBUG org.springframework.test.context.BootstrapUtils - Instantiating BootstrapContext using constructor [public org.springframework.test.context.support.DefaultBootstrapContext(java.lang.Class,org.springframework.test.context.CacheAwareContextLoaderDelegate)]
10:46:41.315 [Test worker] DEBUG org.springframework.test.context.BootstrapUtils - Instantiating TestContextBootstrapper for test class [com.springjunit.demo.EmployeeControllerTest] from class [org.springframework.boot.test.context.SpringBootTestContextBootstrapper]
10:46:41.335 [Test worker] INFO org.springframework.boot.test.context.SpringBootTestContextBootstrapper - Neither @ContextConfiguration nor @ContextHierarchy found for test class [com.springjunit.demo.EmployeeControllerTest], using SpringBootContextLoader
10:46:41.344 [Test worker] DEBUG org.springframework.test.context.support.AbstractContextLoader - Did not detect default resource location for test class [com.springjunit.demo.EmployeeControllerTest]: class path resource [com/springjunit/demo/EmployeeControllerTest-context.xml] does not exist
10:46:41.345 [Test worker] DEBUG org.springframework.test.context.support.AbstractContextLoader - Did not detect default resource location for test class [com.springjunit.demo.EmployeeControllerTest]: class path resource [com/springjunit/demo/EmployeeControllerTestContext.groovy] does not exist
10:46:41.346 [Test worker] INFO org.springframework.test.context.support.AbstractContextLoader - Could not detect default resource locations for test class [com.springjunit.demo.EmployeeControllerTest]: no resource found for suffixes {-context.xml, Context.groovy}.
10:46:41.347 [Test worker] INFO org.springframework.test.context.support.AnnotationConfigContextLoaderUtils - Could not detect default configuration classes for test class [com.springjunit.demo.EmployeeControllerTest]: EmployeeControllerTest does not declare any static, non-private, non-final, nested classes annotated with @Configuration.
10:46:41.436 [Test worker] DEBUG org.springframework.test.context.support.ActiveProfilesUtils - Could not find an 'annotation declaring class' for annotation type [org.springframework.test.context.ActiveProfiles] and class [com.springjunit.demo.EmployeeControllerTest]
10:46:41.615 [Test worker] DEBUG org.springframework.context.annotation.ClassPathScanningCandidateComponentProvider - Identified candidate component class: file [/home/hieuptit/Desktop/demo/build/classes/java/main/com/springjunit/demo/DemoApplication.class]
10:46:41.617 [Test worker] INFO org.springframework.boot.test.context.SpringBootTestContextBootstrapper - Found @SpringBootConfiguration com.springjunit.demo.DemoApplication for test class com.springjunit.demo.EmployeeControllerTest
10:46:41.818 [Test worker] DEBUG org.springframework.boot.test.context.SpringBootTestContextBootstrapper - @TestExecutionListeners is not present for class [com.springjunit.demo.EmployeeControllerTest]: using defaults.
10:46:41.819 [Test worker] INFO org.springframework.boot.test.context.SpringBootTestContextBootstrapper - Loaded default TestExecutionListener class names from location [META-INF/spring.factories]: [org.springframework.boot.test.autoconfigure.restdocs.RestDocsTestExecutionListener, org.springframework.boot.test.autoconfigure.web.client.MockRestServiceServerResetTestExecutionListener, org.springframework.boot.test.autoconfigure.web.servlet.MockMvcPrintOnlyOnFailureTestExecutionListener, org.springframework.boot.test.autoconfigure.web.servlet.WebDriverTestExecutionListener, org.springframework.boot.test.autoconfigure.webservices.client.MockWebServiceServerTestExecutionListener, org.springframework.boot.test.mock.mockito.MockitoTestExecutionListener, org.springframework.boot.test.mock.mockito.ResetMocksTestExecutionListener, org.springframework.test.context.web.ServletTestExecutionListener, org.springframework.test.context.support.DirtiesContextBeforeModesTestExecutionListener, org.springframework.test.context.event.ApplicationEventsTestExecutionListener, org.springframework.test.context.support.DependencyInjectionTestExecutionListener, org.springframework.test.context.support.DirtiesContextTestExecutionListener, org.springframework.test.context.transaction.TransactionalTestExecutionListener, org.springframework.test.context.jdbc.SqlScriptsTestExecutionListener, org.springframework.test.context.event.EventPublishingTestExecutionListener]
10:46:41.850 [Test worker] INFO org.springframework.boot.test.context.SpringBootTestContextBootstrapper - Using TestExecutionListeners: [org.springframework.test.context.web.ServletTestExecutionListener@6a48a7f3, org.springframework.test.context.support.DirtiesContextBeforeModesTestExecutionListener@3f985a86, org.springframework.test.context.event.ApplicationEventsTestExecutionListener@57a2ed35, org.springframework.boot.test.mock.mockito.MockitoTestExecutionListener@12ffd1de, org.springframework.boot.test.autoconfigure.SpringBootDependencyInjectionTestExecutionListener@3d278b4d, org.springframework.test.context.support.DirtiesContextTestExecutionListener@4096aa05, org.springframework.test.context.transaction.TransactionalTestExecutionListener@9d3c67, org.springframework.test.context.jdbc.SqlScriptsTestExecutionListener@6c806c8b, org.springframework.test.context.event.EventPublishingTestExecutionListener@6dfcffb5, org.springframework.boot.test.autoconfigure.restdocs.RestDocsTestExecutionListener@184fb68d, org.springframework.boot.test.autoconfigure.web.client.MockRestServiceServerResetTestExecutionListener@71d8cfe7, org.springframework.boot.test.autoconfigure.web.servlet.MockMvcPrintOnlyOnFailureTestExecutionListener@1e530163, org.springframework.boot.test.autoconfigure.web.servlet.WebDriverTestExecutionListener@14d8444b, org.springframework.boot.test.autoconfigure.webservices.client.MockWebServiceServerTestExecutionListener@71466383, org.springframework.boot.test.mock.mockito.ResetMocksTestExecutionListener@46d63dbb]
10:46:41.857 [Test worker] DEBUG org.springframework.test.context.support.AbstractDirtiesContextTestExecutionListener - Before test class: context [DefaultTestContext@5c73f672 testClass = EmployeeControllerTest, testInstance = [null], testMethod = [null], testException = [null], mergedContextConfiguration = [WebMergedContextConfiguration@8ee0c23 testClass = EmployeeControllerTest, locations = '{}', classes = '{class com.springjunit.demo.DemoApplication}', contextInitializerClasses = '[]', activeProfiles = '{}', propertySourceLocations = '{}', propertySourceProperties = '{org.springframework.boot.test.context.SpringBootTestContextBootstrapper=true}', contextCustomizers = set[org.springframework.boot.test.autoconfigure.actuate.metrics.MetricsExportContextCustomizerFactory$DisableMetricExportContextCustomizer@319854f0, org.springframework.boot.test.autoconfigure.properties.PropertyMappingContextCustomizer@0, org.springframework.boot.test.autoconfigure.web.servlet.WebDriverContextCustomizerFactory$Customizer@5ac7aa18, org.springframework.boot.test.context.filter.ExcludeFilterContextCustomizer@c27d163, org.springframework.boot.test.json.DuplicateJsonObjectContextCustomizerFactory$DuplicateJsonObjectContextCustomizer@37fdfb05, org.springframework.boot.test.mock.mockito.MockitoContextCustomizer@0, org.springframework.boot.test.web.client.TestRestTemplateContextCustomizer@22d9c961, org.springframework.boot.test.context.SpringBootTestArgs@1, org.springframework.boot.test.context.SpringBootTestWebEnvironment@41c07648], resourceBasePath = 'src/main/webapp', contextLoader = 'org.springframework.boot.test.context.SpringBootContextLoader', parent = [null]], attributes = map['org.springframework.test.context.web.ServletTestExecutionListener.activateListener' -> true]], class annotated with @DirtiesContext [false] with mode [null].

  .   ____          _            __ _ _
 /\\ / ___'_ __ _ _(_)_ __  __ _ \ \ \ \
( ( )\___ | '_ | '_| | '_ \/ _` | \ \ \ \
 \\/  ___)| |_)| | | | | || (_| |  ) ) ) )
  '  |____| .__|_| |_|_| |_\__, | / / / /
 =========|_|==============|___/=/_/_/_/
 :: Spring Boot ::                (v2.5.9)

2022-02-17 10:46:42.570  INFO 36825 --- [    Test worker] c.s.demo.EmployeeControllerTest          : Starting EmployeeControllerTest using Java 11.0.14.1 on hieuptit with PID 36825 (started by hieuptit in /home/hieuptit/Desktop/demo)
2022-02-17 10:46:42.572  INFO 36825 --- [    Test worker] c.s.demo.EmployeeControllerTest          : No active profile set, falling back to default profiles: default
2022-02-17 10:46:44.467  INFO 36825 --- [    Test worker] .s.d.r.c.RepositoryConfigurationDelegate : Multiple Spring Data modules found, entering strict repository configuration mode!
2022-02-17 10:46:44.471  INFO 36825 --- [    Test worker] .s.d.r.c.RepositoryConfigurationDelegate : Bootstrapping Spring Data JPA repositories in DEFAULT mode.
2022-02-17 10:46:44.600  INFO 36825 --- [    Test worker] .s.d.r.c.RepositoryConfigurationDelegate : Finished Spring Data repository scanning in 115 ms. Found 4 JPA repository interfaces.
2022-02-17 10:46:44.624  INFO 36825 --- [    Test worker] .s.d.r.c.RepositoryConfigurationDelegate : Multiple Spring Data modules found, entering strict repository configuration mode!
2022-02-17 10:46:44.626  INFO 36825 --- [    Test worker] .s.d.r.c.RepositoryConfigurationDelegate : Bootstrapping Spring Data Redis repositories in DEFAULT mode.
2022-02-17 10:46:44.649  INFO 36825 --- [    Test worker] .RepositoryConfigurationExtensionSupport : Spring Data Redis - Could not safely identify store assignment for repository candidate interface com.springjunit.demo.repository.CompanyEmployeeRepository. If you want this repository to be a Redis repository, consider annotating your entities with one of these annotations: org.springframework.data.redis.core.RedisHash (preferred), or consider extending one of the following types with your repository: org.springframework.data.keyvalue.repository.KeyValueRepository.
2022-02-17 10:46:44.652  INFO 36825 --- [    Test worker] .RepositoryConfigurationExtensionSupport : Spring Data Redis - Could not safely identify store assignment for repository candidate interface com.springjunit.demo.repository.CompanyRepository. If you want this repository to be a Redis repository, consider annotating your entities with one of these annotations: org.springframework.data.redis.core.RedisHash (preferred), or consider extending one of the following types with your repository: org.springframework.data.keyvalue.repository.KeyValueRepository.
2022-02-17 10:46:44.653  INFO 36825 --- [    Test worker] .RepositoryConfigurationExtensionSupport : Spring Data Redis - Could not safely identify store assignment for repository candidate interface com.springjunit.demo.repository.EmployeeCompanyRepository. If you want this repository to be a Redis repository, consider annotating your entities with one of these annotations: org.springframework.data.redis.core.RedisHash (preferred), or consider extending one of the following types with your repository: org.springframework.data.keyvalue.repository.KeyValueRepository.
2022-02-17 10:46:44.654  INFO 36825 --- [    Test worker] .RepositoryConfigurationExtensionSupport : Spring Data Redis - Could not safely identify store assignment for repository candidate interface com.springjunit.demo.repository.EmployeeRepository. If you want this repository to be a Redis repository, consider annotating your entities with one of these annotations: org.springframework.data.redis.core.RedisHash (preferred), or consider extending one of the following types with your repository: org.springframework.data.keyvalue.repository.KeyValueRepository.
2022-02-17 10:46:44.654  INFO 36825 --- [    Test worker] .s.d.r.c.RepositoryConfigurationDelegate : Finished Spring Data repository scanning in 16 ms. Found 0 Redis repository interfaces.
2022-02-17 10:46:45.727  INFO 36825 --- [    Test worker] o.hibernate.jpa.internal.util.LogHelper  : HHH000204: Processing PersistenceUnitInfo [name: default]
2022-02-17 10:46:45.824  INFO 36825 --- [    Test worker] org.hibernate.Version                    : HHH000412: Hibernate ORM core version 5.4.33
2022-02-17 10:46:45.897  INFO 36825 --- [    Test worker] o.hibernate.annotations.common.Version   : HCANN000001: Hibernate Commons Annotations {5.1.2.Final}
2022-02-17 10:46:46.083  INFO 36825 --- [    Test worker] com.zaxxer.hikari.HikariDataSource       : HikariPool-1 - Starting...
2022-02-17 10:46:46.205  INFO 36825 --- [    Test worker] com.zaxxer.hikari.HikariDataSource       : HikariPool-1 - Start completed.
2022-02-17 10:46:46.231  INFO 36825 --- [    Test worker] org.hibernate.dialect.Dialect            : HHH000400: Using dialect: org.hibernate.dialect.PostgreSQL81Dialect
2022-02-17 10:46:46.436  INFO 36825 --- [    Test worker] o.h.e.boot.internal.EnversServiceImpl    : Envers integration enabled? : true
2022-02-17 10:46:47.508  INFO 36825 --- [    Test worker] o.h.e.t.j.p.i.JtaPlatformInitiator       : HHH000490: Using JtaPlatform implementation: [org.hibernate.engine.transaction.jta.platform.internal.NoJtaPlatform]
2022-02-17 10:46:47.525  INFO 36825 --- [    Test worker] j.LocalContainerEntityManagerFactoryBean : Initialized JPA EntityManagerFactory for persistence unit 'default'
2022-02-17 10:46:53.300  INFO 36825 --- [    Test worker] c.s.demo.EmployeeControllerTest          : Started EmployeeControllerTest in 11.386 seconds (JVM running for 14.636)
2022-02-17 11:13:15.368  WARN 36825 --- [l-1 housekeeper] com.zaxxer.hikari.pool.HikariPool        : HikariPool-1 - Thread starvation or clock leap detected (housekeeper delta=26m29s61ms413µs564ns).
]]></system-out>
  <system-err><![CDATA[]]></system-err>
</testsuite>
